[dotenv@17.2.3] injecting env (3) from .env -- tip: 👥 sync secrets across teammates & machines: https://dotenvx.com/ops
Servidor corriendo en el puerto 3000
📝 Solicitud recibida: Test (test@example.com)
📡 Enviando a Mautic: test@example.com...
❌ Error en Mautic: getaddrinfo ENOTFOUND mock.mautic.com
Error al procesar: AxiosError: getaddrinfo ENOTFOUND mock.mautic.com
    at AxiosError.from (/app/server/node_modules/axios/dist/node/axios.cjs:914:14)
    at RedirectableRequest.handleRequestError (/app/server/node_modules/axios/dist/node/axios.cjs:3515:25)
    at RedirectableRequest.emit (node:events:519:28)
    at eventHandlers.<computed> (/app/server/node_modules/follow-redirects/index.js:49:24)
    at ClientRequest.emit (node:events:519:28)
    at emitErrorEvent (node:_http_client:107:11)
    at TLSSocket.socketErrorListener (node:_http_client:574:5)
    at TLSSocket.emit (node:events:519:28)
    at emitErrorNT (node:internal/streams/destroy:170:8)
    at emitErrorCloseNT (node:internal/streams/destroy:129:3)
    at Axios.request (/app/server/node_modules/axios/dist/node/axios.cjs:4731:41)
    at process.processTicksAndRejections (node:internal/process/task_queues:105:5)
    at async addContactToMautic (/app/server/mautic.js:32:27)
    at async /app/server/index.js:27:9 {
  hostname: 'mock.mautic.com',
  syscall: 'getaddrinfo',
  code: 'ENOTFOUND',
  errno: -3008,
  config: {
    transitional: {
      silentJSONParsing: true,
      forcedJSONParsing: true,
      clarifyTimeoutError: false
    },
    adapter: [ 'xhr', 'http', 'fetch' ],
    transformRequest: [ [Function: transformRequest] ],
    transformResponse: [ [Function: transformResponse] ],
    timeout: 0,
    xsrfCookieName: 'XSRF-TOKEN',
    xsrfHeaderName: 'X-XSRF-TOKEN',
    maxContentLength: -1,
    maxBodyLength: -1,
    env: { FormData: [Function], Blob: [class Blob] },
    validateStatus: [Function: validateStatus],
    headers: Object [AxiosHeaders] {
      Accept: 'application/json, text/plain, */*',
      'Content-Type': 'application/json',
      Authorization: 'Basic dXNlcjpwdw==',
      'User-Agent': 'axios/1.13.2',
      'Content-Length': '102',
      'Accept-Encoding': 'gzip, compress, deflate, br'
    },
    method: 'post',
    url: 'https://mock.mautic.com/api/contacts',
    data: '{"email":"test@example.com","firstname":"Test","tags":["lead-magnet-cap1"],"overwriteWithBlank":false}',
    allowAbsoluteUrls: true
  },
  request: <ref *1> Writable {
    _events: {
      close: undefined,
      error: [Function: handleRequestError],
      prefinish: undefined,
      finish: undefined,
      drain: undefined,
      response: [Function: handleResponse],
      socket: [Array],
      abort: undefined
    },
    _writableState: WritableState {
      highWaterMark: 65536,
      length: 0,
      corked: 0,
      onwrite: [Function: bound onwrite],
      writelen: 0,
      bufferedIndex: 0,
      pendingcb: 0,
      [Symbol(kState)]: 17580812,
      [Symbol(kBufferedValue)]: null
    },
    _maxListeners: undefined,
    _options: {
      maxRedirects: 21,
      maxBodyLength: Infinity,
      protocol: 'https:',
      path: '/api/contacts',
      method: 'POST',
      headers: [Object: null prototype],
      agents: [Object],
      auth: undefined,
      family: undefined,
      beforeRedirect: [Function: dispatchBeforeRedirect],
      beforeRedirects: [Object],
      http2Options: undefined,
      hostname: 'mock.mautic.com',
      port: '',
      agent: undefined,
      nativeProtocols: [Object],
      pathname: '/api/contacts'
    },
    _ended: true,
    _ending: true,
    _redirectCount: 0,
    _redirects: [],
    _requestBodyLength: 102,
    _requestBodyBuffers: [ [Object] ],
    _eventsCount: 3,
    _onNativeResponse: [Function (anonymous)],
    _currentRequest: ClientRequest {
      _events: [Object: null prototype],
      _eventsCount: 7,
      _maxListeners: undefined,
      outputData: [],
      outputSize: 0,
      writable: true,
      destroyed: false,
      _last: false,
      chunkedEncoding: false,
      shouldKeepAlive: true,
      maxRequestsOnConnectionReached: false,
      _defaultKeepAlive: true,
      useChunkedEncodingByDefault: true,
      sendDate: false,
      _removedConnection: false,
      _removedContLen: false,
      _removedTE: false,
      strictContentLength: false,
      _contentLength: 102,
      _hasBody: true,
      _trailer: '',
      finished: true,
      _headerSent: true,
      _closed: false,
      _header: 'POST /api/contacts HTTP/1.1\r\n' +
        'Accept: application/json, text/plain, */*\r\n' +
        'Content-Type: application/json\r\n' +
        'Authorization: Basic dXNlcjpwdw==\r\n' +
        'User-Agent: axios/1.13.2\r\n' +
        'Content-Length: 102\r\n' +
        'Accept-Encoding: gzip, compress, deflate, br\r\n' +
        'Host: mock.mautic.com\r\n' +
        'Connection: keep-alive\r\n' +
        '\r\n',
      _keepAliveTimeout: 0,
      _onPendingData: [Function: nop],
      agent: [Agent],
      socketPath: undefined,
      method: 'POST',
      maxHeaderSize: undefined,
      insecureHTTPParser: undefined,
      joinDuplicateHeaders: undefined,
      path: '/api/contacts',
      _ended: false,
      res: null,
      aborted: false,
      timeoutCb: [Function: emitRequestTimeout],
      upgradeOrConnect: false,
      parser: null,
      maxHeadersCount: null,
      reusedSocket: false,
      host: 'mock.mautic.com',
      protocol: 'https:',
      _redirectable: [Circular *1],
      [Symbol(shapeMode)]: false,
      [Symbol(kCapture)]: false,
      [Symbol(kBytesWritten)]: 0,
      [Symbol(kNeedDrain)]: false,
      [Symbol(corked)]: 0,
      [Symbol(kChunkedBuffer)]: [],
      [Symbol(kChunkedLength)]: 0,
      [Symbol(kSocket)]: [TLSSocket],
      [Symbol(kOutHeaders)]: [Object: null prototype],
      [Symbol(errored)]: null,
      [Symbol(kHighWaterMark)]: 65536,
      [Symbol(kRejectNonStandardBodyWrites)]: false,
      [Symbol(kUniqueHeaders)]: null
    },
    _currentUrl: 'https://mock.mautic.com/api/contacts',
    _timeout: null,
    [Symbol(shapeMode)]: true,
    [Symbol(kCapture)]: false
  },
  [cause]: Error: getaddrinfo ENOTFOUND mock.mautic.com
      at GetAddrInfoReqWrap.onlookupall [as oncomplete] (node:dns:122:26) {
    errno: -3008,
    code: 'ENOTFOUND',
    syscall: 'getaddrinfo',
    hostname: 'mock.mautic.com'
  }
}
📝 Solicitud recibida: Test (test@example.com)
📡 Enviando a Mautic: test@example.com...
❌ Error en Mautic: getaddrinfo ENOTFOUND mock.mautic.com
Error al procesar: AxiosError: getaddrinfo ENOTFOUND mock.mautic.com
    at AxiosError.from (/app/server/node_modules/axios/dist/node/axios.cjs:914:14)
    at RedirectableRequest.handleRequestError (/app/server/node_modules/axios/dist/node/axios.cjs:3515:25)
    at RedirectableRequest.emit (node:events:519:28)
    at eventHandlers.<computed> (/app/server/node_modules/follow-redirects/index.js:49:24)
    at ClientRequest.emit (node:events:519:28)
    at emitErrorEvent (node:_http_client:107:11)
    at TLSSocket.socketErrorListener (node:_http_client:574:5)
    at TLSSocket.emit (node:events:519:28)
    at emitErrorNT (node:internal/streams/destroy:170:8)
    at emitErrorCloseNT (node:internal/streams/destroy:129:3)
    at Axios.request (/app/server/node_modules/axios/dist/node/axios.cjs:4731:41)
    at process.processTicksAndRejections (node:internal/process/task_queues:105:5)
    at async addContactToMautic (/app/server/mautic.js:32:27)
    at async /app/server/index.js:27:9 {
  hostname: 'mock.mautic.com',
  syscall: 'getaddrinfo',
  code: 'ENOTFOUND',
  errno: -3008,
  config: {
    transitional: {
      silentJSONParsing: true,
      forcedJSONParsing: true,
      clarifyTimeoutError: false
    },
    adapter: [ 'xhr', 'http', 'fetch' ],
    transformRequest: [ [Function: transformRequest] ],
    transformResponse: [ [Function: transformResponse] ],
    timeout: 0,
    xsrfCookieName: 'XSRF-TOKEN',
    xsrfHeaderName: 'X-XSRF-TOKEN',
    maxContentLength: -1,
    maxBodyLength: -1,
    env: { FormData: [Function], Blob: [class Blob] },
    validateStatus: [Function: validateStatus],
    headers: Object [AxiosHeaders] {
      Accept: 'application/json, text/plain, */*',
      'Content-Type': 'application/json',
      Authorization: 'Basic dXNlcjpwdw==',
      'User-Agent': 'axios/1.13.2',
      'Content-Length': '102',
      'Accept-Encoding': 'gzip, compress, deflate, br'
    },
    method: 'post',
    url: 'https://mock.mautic.com/api/contacts',
    data: '{"email":"test@example.com","firstname":"Test","tags":["lead-magnet-cap1"],"overwriteWithBlank":false}',
    allowAbsoluteUrls: true
  },
  request: <ref *1> Writable {
    _events: {
      close: undefined,
      error: [Function: handleRequestError],
      prefinish: undefined,
      finish: undefined,
      drain: undefined,
      response: [Function: handleResponse],
      socket: [Array],
      abort: undefined
    },
    _writableState: WritableState {
      highWaterMark: 65536,
      length: 0,
      corked: 0,
      onwrite: [Function: bound onwrite],
      writelen: 0,
      bufferedIndex: 0,
      pendingcb: 0,
      [Symbol(kState)]: 17580812,
      [Symbol(kBufferedValue)]: null
    },
    _maxListeners: undefined,
    _options: {
      maxRedirects: 21,
      maxBodyLength: Infinity,
      protocol: 'https:',
      path: '/api/contacts',
      method: 'POST',
      headers: [Object: null prototype],
      agents: [Object],
      auth: undefined,
      family: undefined,
      beforeRedirect: [Function: dispatchBeforeRedirect],
      beforeRedirects: [Object],
      http2Options: undefined,
      hostname: 'mock.mautic.com',
      port: '',
      agent: undefined,
      nativeProtocols: [Object],
      pathname: '/api/contacts'
    },
    _ended: true,
    _ending: true,
    _redirectCount: 0,
    _redirects: [],
    _requestBodyLength: 102,
    _requestBodyBuffers: [ [Object] ],
    _eventsCount: 3,
    _onNativeResponse: [Function (anonymous)],
    _currentRequest: ClientRequest {
      _events: [Object: null prototype],
      _eventsCount: 7,
      _maxListeners: undefined,
      outputData: [],
      outputSize: 0,
      writable: true,
      destroyed: false,
      _last: false,
      chunkedEncoding: false,
      shouldKeepAlive: true,
      maxRequestsOnConnectionReached: false,
      _defaultKeepAlive: true,
      useChunkedEncodingByDefault: true,
      sendDate: false,
      _removedConnection: false,
      _removedContLen: false,
      _removedTE: false,
      strictContentLength: false,
      _contentLength: 102,
      _hasBody: true,
      _trailer: '',
      finished: true,
      _headerSent: true,
      _closed: false,
      _header: 'POST /api/contacts HTTP/1.1\r\n' +
        'Accept: application/json, text/plain, */*\r\n' +
        'Content-Type: application/json\r\n' +
        'Authorization: Basic dXNlcjpwdw==\r\n' +
        'User-Agent: axios/1.13.2\r\n' +
        'Content-Length: 102\r\n' +
        'Accept-Encoding: gzip, compress, deflate, br\r\n' +
        'Host: mock.mautic.com\r\n' +
        'Connection: keep-alive\r\n' +
        '\r\n',
      _keepAliveTimeout: 0,
      _onPendingData: [Function: nop],
      agent: [Agent],
      socketPath: undefined,
      method: 'POST',
      maxHeaderSize: undefined,
      insecureHTTPParser: undefined,
      joinDuplicateHeaders: undefined,
      path: '/api/contacts',
      _ended: false,
      res: null,
      aborted: false,
      timeoutCb: [Function: emitRequestTimeout],
      upgradeOrConnect: false,
      parser: null,
      maxHeadersCount: null,
      reusedSocket: false,
      host: 'mock.mautic.com',
      protocol: 'https:',
      _redirectable: [Circular *1],
      [Symbol(shapeMode)]: false,
      [Symbol(kCapture)]: false,
      [Symbol(kBytesWritten)]: 0,
      [Symbol(kNeedDrain)]: false,
      [Symbol(corked)]: 0,
      [Symbol(kChunkedBuffer)]: [],
      [Symbol(kChunkedLength)]: 0,
      [Symbol(kSocket)]: [TLSSocket],
      [Symbol(kOutHeaders)]: [Object: null prototype],
      [Symbol(errored)]: null,
      [Symbol(kHighWaterMark)]: 65536,
      [Symbol(kRejectNonStandardBodyWrites)]: false,
      [Symbol(kUniqueHeaders)]: null
    },
    _currentUrl: 'https://mock.mautic.com/api/contacts',
    _timeout: null,
    [Symbol(shapeMode)]: true,
    [Symbol(kCapture)]: false
  },
  [cause]: Error: getaddrinfo ENOTFOUND mock.mautic.com
      at GetAddrInfoReqWrap.onlookupall [as oncomplete] (node:dns:122:26) {
    errno: -3008,
    code: 'ENOTFOUND',
    syscall: 'getaddrinfo',
    hostname: 'mock.mautic.com'
  }
}
